<?xml version="1.0" encoding="UTF-8"?>
<!-- Generated by org.testng.reporters.JUnitReportReporter -->
<testsuite hostname="LAPTOP-JOF7DOEN" failures="0" tests="1" name="DemoPractice.SmokeTest" time="0.015" errors="0" timestamp="2021-12-10T17:30:14 IST" skipped="0">
  <testcase classname="DemoPractice.SmokeTest" name="Test1" time="0.015"/>
  <system-out/>
</testsuite> <!-- DemoPractice.SmokeTest -->
